\BOOKMARK [0][-]{chapter.1}{\376\377\0001\000\040\000I\000n\000d\000e\000x\000\040\000d\000e\000s\000\040\000c\000l\000a\000s\000s\000e\000s}{}% 1
\BOOKMARK [1][-]{section.1.1}{\376\377\0001\000.\0001\000\040\000L\000i\000s\000t\000e\000\040\000d\000e\000s\000\040\000c\000l\000a\000s\000s\000e\000s}{chapter.1}% 2
\BOOKMARK [0][-]{chapter.2}{\376\377\0002\000\040\000I\000n\000d\000e\000x\000\040\000d\000e\000s\000\040\000f\000i\000c\000h\000i\000e\000r\000s}{}% 3
\BOOKMARK [1][-]{section.2.1}{\376\377\0002\000.\0001\000\040\000L\000i\000s\000t\000e\000\040\000d\000e\000s\000\040\000f\000i\000c\000h\000i\000e\000r\000s}{chapter.2}% 4
\BOOKMARK [0][-]{chapter.3}{\376\377\0003\000\040\000D\000o\000c\000u\000m\000e\000n\000t\000a\000t\000i\000o\000n\000\040\000d\000e\000s\000\040\000c\000l\000a\000s\000s\000e\000s}{}% 5
\BOOKMARK [1][-]{section.3.1}{\376\377\0003\000.\0001\000\040\000R\000\351\000f\000\351\000r\000e\000n\000c\000e\000\040\000d\000e\000\040\000l\000a\000\040\000s\000t\000r\000u\000c\000t\000u\000r\000e\000\040\000c\000e\000l\000l\000\137\000t}{chapter.3}% 6
\BOOKMARK [2][-]{subsection.3.1.1}{\376\377\0003\000.\0001\000.\0001\000\040\000D\000e\000s\000c\000r\000i\000p\000t\000i\000o\000n\000\040\000d\000\351\000t\000a\000i\000l\000l\000\351\000e}{section.3.1}% 7
\BOOKMARK [1][-]{section.3.2}{\376\377\0003\000.\0002\000\040\000R\000\351\000f\000\351\000r\000e\000n\000c\000e\000\040\000d\000e\000\040\000l\000a\000\040\000s\000t\000r\000u\000c\000t\000u\000r\000e\000\040\000i\000t\000e\000m\000\137\000t}{chapter.3}% 8
\BOOKMARK [2][-]{subsection.3.2.1}{\376\377\0003\000.\0002\000.\0001\000\040\000D\000e\000s\000c\000r\000i\000p\000t\000i\000o\000n\000\040\000d\000\351\000t\000a\000i\000l\000l\000\351\000e}{section.3.2}% 9
\BOOKMARK [1][-]{section.3.3}{\376\377\0003\000.\0003\000\040\000R\000\351\000f\000\351\000r\000e\000n\000c\000e\000\040\000d\000e\000\040\000l\000a\000\040\000s\000t\000r\000u\000c\000t\000u\000r\000e\000\040\000n\000p\000c\000\137\000t}{chapter.3}% 10
\BOOKMARK [2][-]{subsection.3.3.1}{\376\377\0003\000.\0003\000.\0001\000\040\000D\000e\000s\000c\000r\000i\000p\000t\000i\000o\000n\000\040\000d\000\351\000t\000a\000i\000l\000l\000\351\000e}{section.3.3}% 11
\BOOKMARK [1][-]{section.3.4}{\376\377\0003\000.\0004\000\040\000R\000\351\000f\000\351\000r\000e\000n\000c\000e\000\040\000d\000e\000\040\000l\000a\000\040\000s\000t\000r\000u\000c\000t\000u\000r\000e\000\040\000p\000e\000r\000s\000o\000\137\000t}{chapter.3}% 12
\BOOKMARK [2][-]{subsection.3.4.1}{\376\377\0003\000.\0004\000.\0001\000\040\000D\000e\000s\000c\000r\000i\000p\000t\000i\000o\000n\000\040\000d\000\351\000t\000a\000i\000l\000l\000\351\000e}{section.3.4}% 13
\BOOKMARK [1][-]{section.3.5}{\376\377\0003\000.\0005\000\040\000R\000\351\000f\000\351\000r\000e\000n\000c\000e\000\040\000d\000e\000\040\000l\000a\000\040\000s\000t\000r\000u\000c\000t\000u\000r\000e\000\040\000q\000u\000e\000t\000e\000\137\000t}{chapter.3}% 14
\BOOKMARK [2][-]{subsection.3.5.1}{\376\377\0003\000.\0005\000.\0001\000\040\000D\000e\000s\000c\000r\000i\000p\000t\000i\000o\000n\000\040\000d\000\351\000t\000a\000i\000l\000l\000\351\000e}{section.3.5}% 15
\BOOKMARK [1][-]{section.3.6}{\376\377\0003\000.\0006\000\040\000R\000\351\000f\000\351\000r\000e\000n\000c\000e\000\040\000d\000e\000\040\000l\000a\000\040\000s\000t\000r\000u\000c\000t\000u\000r\000e\000\040\000s\000a\000u\000v\000\137\000t}{chapter.3}% 16
\BOOKMARK [2][-]{subsection.3.6.1}{\376\377\0003\000.\0006\000.\0001\000\040\000D\000e\000s\000c\000r\000i\000p\000t\000i\000o\000n\000\040\000d\000\351\000t\000a\000i\000l\000l\000\351\000e}{section.3.6}% 17
\BOOKMARK [1][-]{section.3.7}{\376\377\0003\000.\0007\000\040\000R\000\351\000f\000\351\000r\000e\000n\000c\000e\000\040\000d\000e\000\040\000l\000a\000\040\000s\000t\000r\000u\000c\000t\000u\000r\000e\000\040\000s\000e\000a\000r\000c\000h\000\137\000t}{chapter.3}% 18
\BOOKMARK [2][-]{subsection.3.7.1}{\376\377\0003\000.\0007\000.\0001\000\040\000D\000e\000s\000c\000r\000i\000p\000t\000i\000o\000n\000\040\000d\000\351\000t\000a\000i\000l\000l\000\351\000e}{section.3.7}% 19
\BOOKMARK [1][-]{section.3.8}{\376\377\0003\000.\0008\000\040\000R\000\351\000f\000\351\000r\000e\000n\000c\000e\000\040\000d\000e\000\040\000l\000a\000\040\000s\000t\000r\000u\000c\000t\000u\000r\000e\000\040\000s\000t\000a\000t\000\137\000t}{chapter.3}% 20
\BOOKMARK [2][-]{subsection.3.8.1}{\376\377\0003\000.\0008\000.\0001\000\040\000D\000e\000s\000c\000r\000i\000p\000t\000i\000o\000n\000\040\000d\000\351\000t\000a\000i\000l\000l\000\351\000e}{section.3.8}% 21
\BOOKMARK [0][-]{chapter.4}{\376\377\0004\000\040\000D\000o\000c\000u\000m\000e\000n\000t\000a\000t\000i\000o\000n\000\040\000d\000e\000s\000\040\000f\000i\000c\000h\000i\000e\000r\000s}{}% 22
\BOOKMARK [1][-]{section.4.1}{\376\377\0004\000.\0001\000\040\000R\000\351\000f\000\351\000r\000e\000n\000c\000e\000\040\000d\000u\000\040\000f\000i\000c\000h\000i\000e\000r\000\040\000l\000i\000b\000/\000c\000o\000m\000m\000u\000n\000.\000h}{chapter.4}% 23
\BOOKMARK [2][-]{subsection.4.1.1}{\376\377\0004\000.\0001\000.\0001\000\040\000D\000e\000s\000c\000r\000i\000p\000t\000i\000o\000n\000\040\000d\000\351\000t\000a\000i\000l\000l\000\351\000e}{section.4.1}% 24
\BOOKMARK [2][-]{subsection.4.1.2}{\376\377\0004\000.\0001\000.\0002\000\040\000D\000o\000c\000u\000m\000e\000n\000t\000a\000t\000i\000o\000n\000\040\000d\000u\000\040\000t\000y\000p\000e\000\040\000d\000e\000\040\000l\000\047\000\351\000n\000u\000m\000\351\000r\000a\000t\000i\000o\000n}{section.4.1}% 25
\BOOKMARK [3][-]{subsubsection.4.1.2.1}{\376\377\0004\000.\0001\000.\0002\000.\0001\000\040\000c\000a\000t\000e\000g\000\137\000h\000e\000x\000a}{subsection.4.1.2}% 26
\BOOKMARK [3][-]{subsubsection.4.1.2.2}{\376\377\0004\000.\0001\000.\0002\000.\0002\000\040\000e\000q\000u\000i\000p\000\137\000t}{subsection.4.1.2}% 27
\BOOKMARK [3][-]{subsubsection.4.1.2.3}{\376\377\0004\000.\0001\000.\0002\000.\0003\000\040\000h\000e\000x\000\137\000t}{subsection.4.1.2}% 28
\BOOKMARK [3][-]{subsubsection.4.1.2.4}{\376\377\0004\000.\0001\000.\0002\000.\0004\000\040\000t\000y\000p\000e\000\137\000t}{subsection.4.1.2}% 29
\BOOKMARK [2][-]{subsection.4.1.3}{\376\377\0004\000.\0001\000.\0003\000\040\000D\000o\000c\000u\000m\000e\000n\000t\000a\000t\000i\000o\000n\000\040\000d\000e\000s\000\040\000f\000o\000n\000c\000t\000i\000o\000n\000s}{section.4.1}% 30
\BOOKMARK [3][-]{subsubsection.4.1.3.1}{\376\377\0004\000.\0001\000.\0003\000.\0001\000\040\000a\000d\000d\000\137\000i\000t\000e\000m\000\137\000t\000o\000\137\000i\000n\000v\000e\000n\000t\000o\000r\000y\000\050\000\051}{subsection.4.1.3}% 31
\BOOKMARK [3][-]{subsubsection.4.1.3.2}{\376\377\0004\000.\0001\000.\0003\000.\0002\000\040\000a\000f\000f\000i\000c\000h\000a\000g\000e\000\137\000c\000a\000s\000e\000\137\000c\000e\000n\000t\000r\000a\000l\000e\000\050\000\051}{subsection.4.1.3}% 32
\BOOKMARK [3][-]{subsubsection.4.1.3.3}{\376\377\0004\000.\0001\000.\0003\000.\0003\000\040\000a\000f\000f\000i\000c\000h\000a\000g\000e\000\137\000h\000e\000l\000p\000\050\000\051}{subsection.4.1.3}% 33
\BOOKMARK [3][-]{subsubsection.4.1.3.4}{\376\377\0004\000.\0001\000.\0003\000.\0004\000\040\000a\000f\000f\000i\000c\000h\000a\000g\000e\000\137\000m\000a\000p\000\050\000\051}{subsection.4.1.3}% 34
\BOOKMARK [3][-]{subsubsection.4.1.3.5}{\376\377\0004\000.\0001\000.\0003\000.\0005\000\040\000a\000f\000f\000i\000c\000h\000a\000g\000e\000\137\000p\000a\000r\000t\000i\000e\000s\000\050\000\051}{subsection.4.1.3}% 35
\BOOKMARK [3][-]{subsubsection.4.1.3.6}{\376\377\0004\000.\0001\000.\0003\000.\0006\000\040\000a\000f\000f\000i\000c\000h\000a\000g\000e\000\137\000p\000e\000r\000s\000o\000n\000n\000a\000g\000e\000\050\000\051}{subsection.4.1.3}% 36
\BOOKMARK [3][-]{subsubsection.4.1.3.7}{\376\377\0004\000.\0001\000.\0003\000.\0007\000\040\000a\000f\000f\000i\000c\000h\000a\000g\000e\000\137\000q\000u\000e\000t\000e\000\137\000s\000e\000a\000r\000c\000h\000\137\000e\000n\000\137\000c\000o\000u\000r\000s\000\050\000\051}{subsection.4.1.3}% 37
\BOOKMARK [3][-]{subsubsection.4.1.3.8}{\376\377\0004\000.\0001\000.\0003\000.\0008\000\040\000a\000f\000f\000i\000c\000h\000e\000r\000\137\000t\000y\000p\000e\000\137\000c\000a\000t\000e\000g\000\137\000h\000e\000x\000a\000\050\000\051}{subsection.4.1.3}% 38
\BOOKMARK [3][-]{subsubsection.4.1.3.9}{\376\377\0004\000.\0001\000.\0003\000.\0009\000\040\000c\000h\000e\000c\000k\000\137\000t\000h\000e\000\137\000m\000a\000p\000\050\000\051}{subsection.4.1.3}% 39
\BOOKMARK [3][-]{subsubsection.4.1.3.10}{\376\377\0004\000.\0001\000.\0003\000.\0001\0000\000\040\000c\000l\000r\000s\000c\000r\000\050\000\051}{subsection.4.1.3}% 40
\BOOKMARK [3][-]{subsubsection.4.1.3.11}{\376\377\0004\000.\0001\000.\0003\000.\0001\0001\000\040\000c\000o\000m\000b\000a\000t\000\050\000\051}{subsection.4.1.3}% 41
\BOOKMARK [3][-]{subsubsection.4.1.3.12}{\376\377\0004\000.\0001\000.\0003\000.\0001\0002\000\040\000c\000o\000m\000p\000t\000e\000r\000\137\000i\000t\000e\000m\000s\000\137\000u\000r\000b\000a\000i\000n\000\050\000\051}{subsection.4.1.3}% 42
\BOOKMARK [3][-]{subsubsection.4.1.3.13}{\376\377\0004\000.\0001\000.\0003\000.\0001\0003\000\040\000c\000o\000o\000r\000d\000o\000n\000n\000e\000e\000s\000\137\000v\000a\000l\000i\000d\000e\000s\000\050\000\051}{subsection.4.1.3}% 43
\BOOKMARK [3][-]{subsubsection.4.1.3.14}{\376\377\0004\000.\0001\000.\0003\000.\0001\0004\000\040\000c\000r\000e\000a\000t\000i\000o\000n\000\137\000t\000a\000b\000\137\000i\000t\000e\000m\000\050\000\051}{subsection.4.1.3}% 44
\BOOKMARK [3][-]{subsubsection.4.1.3.15}{\376\377\0004\000.\0001\000.\0003\000.\0001\0005\000\040\000c\000r\000e\000e\000r\000\137\000i\000t\000e\000m\000\050\000\051}{subsection.4.1.3}% 45
\BOOKMARK [3][-]{subsubsection.4.1.3.16}{\376\377\0004\000.\0001\000.\0003\000.\0001\0006\000\040\000d\000e\000l\000e\000t\000e\000\137\000i\000t\000e\000m\000\137\000i\000n\000\137\000i\000n\000v\000e\000n\000t\000o\000r\000y\000\050\000\051}{subsection.4.1.3}% 46
\BOOKMARK [3][-]{subsubsection.4.1.3.17}{\376\377\0004\000.\0001\000.\0003\000.\0001\0007\000\040\000d\000e\000m\000o\000\137\000a\000f\000f\000i\000c\000h\000e\000r\000\137\000i\000t\000e\000m\000s\000\050\000\051}{subsection.4.1.3}% 47
\BOOKMARK [3][-]{subsubsection.4.1.3.18}{\376\377\0004\000.\0001\000.\0003\000.\0001\0008\000\040\000d\000i\000s\000p\000l\000a\000y\000\137\000e\000q\000u\000i\000p\000m\000e\000n\000t\000\137\000p\000l\000a\000y\000e\000r\000\050\000\051}{subsection.4.1.3}% 48
\BOOKMARK [3][-]{subsubsection.4.1.3.19}{\376\377\0004\000.\0001\000.\0003\000.\0001\0009\000\040\000d\000i\000s\000p\000l\000a\000y\000\137\000i\000n\000v\000e\000n\000t\000o\000r\000y\000\050\000\051}{subsection.4.1.3}% 49
\BOOKMARK [3][-]{subsubsection.4.1.3.20}{\376\377\0004\000.\0001\000.\0003\000.\0002\0000\000\040\000d\000i\000s\000p\000l\000a\000y\000\137\000i\000t\000e\000m\000\050\000\051}{subsection.4.1.3}% 50
\BOOKMARK [3][-]{subsubsection.4.1.3.21}{\376\377\0004\000.\0001\000.\0003\000.\0002\0001\000\040\000d\000i\000s\000p\000l\000a\000y\000\137\000p\000l\000a\000y\000e\000r\000\137\000c\000h\000a\000r\000a\000c\000t\000e\000r\000i\000s\000t\000i\000c\000s\000\050\000\051}{subsection.4.1.3}% 51
\BOOKMARK [3][-]{subsubsection.4.1.3.22}{\376\377\0004\000.\0001\000.\0003\000.\0002\0002\000\040\000d\000i\000s\000p\000l\000a\000y\000\137\000T\000E\000X\000T\000\050\000\051}{subsection.4.1.3}% 52
\BOOKMARK [3][-]{subsubsection.4.1.3.23}{\376\377\0004\000.\0001\000.\0003\000.\0002\0003\000\040\000e\000a\000t\000\137\000o\000r\000\137\000d\000r\000i\000n\000k\000\050\000\051}{subsection.4.1.3}% 53
\BOOKMARK [3][-]{subsubsection.4.1.3.24}{\376\377\0004\000.\0001\000.\0003\000.\0002\0004\000\040\000e\000f\000f\000a\000c\000e\000r\000\137\000p\000a\000r\000t\000i\000e\000\050\000\051}{subsection.4.1.3}% 54
\BOOKMARK [3][-]{subsubsection.4.1.3.25}{\376\377\0004\000.\0001\000.\0003\000.\0002\0005\000\040\000e\000n\000t\000r\000e\000e\000\137\000p\000o\000u\000r\000\137\000c\000o\000n\000t\000i\000n\000u\000e\000r\000\050\000\051}{subsection.4.1.3}% 55
\BOOKMARK [3][-]{subsubsection.4.1.3.26}{\376\377\0004\000.\0001\000.\0003\000.\0002\0006\000\040\000e\000x\000i\000t\000\137\000g\000a\000m\000e\000\050\000\051}{subsection.4.1.3}% 56
\BOOKMARK [3][-]{subsubsection.4.1.3.27}{\376\377\0004\000.\0001\000.\0003\000.\0002\0007\000\040\000f\000i\000s\000h\000\050\000\051}{subsection.4.1.3}% 57
\BOOKMARK [3][-]{subsubsection.4.1.3.28}{\376\377\0004\000.\0001\000.\0003\000.\0002\0008\000\040\000i\000n\000f\000o\000r\000m\000a\000t\000i\000o\000n\000s\000\137\000m\000a\000p\000\050\000\051}{subsection.4.1.3}% 58
\BOOKMARK [3][-]{subsubsection.4.1.3.29}{\376\377\0004\000.\0001\000.\0003\000.\0002\0009\000\040\000i\000n\000f\000o\000r\000m\000a\000t\000i\000o\000n\000s\000\137\000q\000u\000e\000t\000e\000s\000\050\000\051}{subsection.4.1.3}% 59
\BOOKMARK [3][-]{subsubsection.4.1.3.30}{\376\377\0004\000.\0001\000.\0003\000.\0003\0000\000\040\000i\000n\000i\000t\000\137\000f\000i\000e\000l\000d\000\050\000\051}{subsection.4.1.3}% 60
\BOOKMARK [3][-]{subsubsection.4.1.3.31}{\376\377\0004\000.\0001\000.\0003\000.\0003\0001\000\040\000i\000n\000i\000t\000\137\000n\000p\000c\000\050\000\051}{subsection.4.1.3}% 61
\BOOKMARK [3][-]{subsubsection.4.1.3.32}{\376\377\0004\000.\0001\000.\0003\000.\0003\0002\000\040\000i\000n\000i\000t\000\137\000p\000l\000a\000y\000e\000r\000\050\000\051}{subsection.4.1.3}% 62
\BOOKMARK [3][-]{subsubsection.4.1.3.33}{\376\377\0004\000.\0001\000.\0003\000.\0003\0003\000\040\000i\000n\000i\000t\000\137\000q\000u\000e\000t\000e\000\050\000\051}{subsection.4.1.3}% 63
\BOOKMARK [3][-]{subsubsection.4.1.3.34}{\376\377\0004\000.\0001\000.\0003\000.\0003\0004\000\040\000i\000n\000i\000t\000\137\000T\000a\000b\000\137\000I\000t\000e\000m\000s\000\137\000u\000r\000b\000a\000i\000n\000\050\000\051}{subsection.4.1.3}% 64
\BOOKMARK [3][-]{subsubsection.4.1.3.35}{\376\377\0004\000.\0001\000.\0003\000.\0003\0005\000\040\000i\000n\000t\000e\000r\000f\000a\000c\000e\000\050\000\051}{subsection.4.1.3}% 65
\BOOKMARK [3][-]{subsubsection.4.1.3.36}{\376\377\0004\000.\0001\000.\0003\000.\0003\0006\000\040\000i\000s\000\137\000e\000q\000u\000i\000p\000p\000e\000d\000\050\000\051}{subsection.4.1.3}% 66
\BOOKMARK [3][-]{subsubsection.4.1.3.37}{\376\377\0004\000.\0001\000.\0003\000.\0003\0007\000\040\000i\000t\000e\000m\000\137\000i\000n\000\137\000i\000n\000v\000e\000n\000t\000o\000r\000y\000\050\000\051}{subsection.4.1.3}% 67
\BOOKMARK [3][-]{subsubsection.4.1.3.38}{\376\377\0004\000.\0001\000.\0003\000.\0003\0008\000\040\000l\000o\000a\000d\000\050\000\051}{subsection.4.1.3}% 68
\BOOKMARK [3][-]{subsubsection.4.1.3.39}{\376\377\0004\000.\0001\000.\0003\000.\0003\0009\000\040\000m\000a\000n\000a\000g\000e\000\137\000e\000q\000u\000i\000p\000m\000e\000n\000t\000\050\000\051}{subsection.4.1.3}% 69
\BOOKMARK [3][-]{subsubsection.4.1.3.40}{\376\377\0004\000.\0001\000.\0003\000.\0004\0000\000\040\000m\000a\000n\000a\000g\000e\000\137\000i\000n\000v\000e\000n\000t\000o\000r\000y\000\050\000\051}{subsection.4.1.3}% 70
\BOOKMARK [3][-]{subsubsection.4.1.3.41}{\376\377\0004\000.\0001\000.\0003\000.\0004\0001\000\040\000m\000a\000p\000\137\000c\000o\000r\000r\000e\000s\000p\000o\000n\000d\000a\000n\000c\000e\000\050\000\051}{subsection.4.1.3}% 71
\BOOKMARK [3][-]{subsubsection.4.1.3.42}{\376\377\0004\000.\0001\000.\0003\000.\0004\0002\000\040\000m\000a\000p\000\137\000i\000n\000i\000t\000\050\000\051}{subsection.4.1.3}% 72
\BOOKMARK [3][-]{subsubsection.4.1.3.43}{\376\377\0004\000.\0001\000.\0003\000.\0004\0003\000\040\000m\000o\000v\000e\000\050\000\051}{subsection.4.1.3}% 73
\BOOKMARK [3][-]{subsubsection.4.1.3.44}{\376\377\0004\000.\0001\000.\0003\000.\0004\0004\000\040\000n\000b\000\137\000e\000q\000u\000i\000p\000e\000m\000e\000n\000t\000\050\000\051}{subsection.4.1.3}% 74
\BOOKMARK [3][-]{subsubsection.4.1.3.45}{\376\377\0004\000.\0001\000.\0003\000.\0004\0005\000\040\000n\000e\000x\000t\000\137\000t\000u\000r\000n\000\050\000\051}{subsection.4.1.3}% 75
\BOOKMARK [3][-]{subsubsection.4.1.3.46}{\376\377\0004\000.\0001\000.\0003\000.\0004\0006\000\040\000p\000o\000r\000t\000a\000b\000l\000e\000\137\000s\000w\000i\000t\000c\000h\000\050\000\051}{subsection.4.1.3}% 76
\BOOKMARK [3][-]{subsubsection.4.1.3.47}{\376\377\0004\000.\0001\000.\0003\000.\0004\0007\000\040\000q\000u\000e\000s\000t\000\137\000i\000n\000i\000t\000\050\000\051}{subsection.4.1.3}% 77
\BOOKMARK [3][-]{subsubsection.4.1.3.48}{\376\377\0004\000.\0001\000.\0003\000.\0004\0008\000\040\000q\000u\000e\000t\000e\000\137\000b\000a\000n\000d\000i\000t\000s\000\050\000\051}{subsection.4.1.3}% 78
\BOOKMARK [3][-]{subsubsection.4.1.3.49}{\376\377\0004\000.\0001\000.\0003\000.\0004\0009\000\040\000q\000u\000e\000t\000e\000\137\000b\000u\000n\000k\000e\000r\000\050\000\051}{subsection.4.1.3}% 79
\BOOKMARK [3][-]{subsubsection.4.1.3.50}{\376\377\0004\000.\0001\000.\0003\000.\0005\0000\000\040\000q\000u\000e\000t\000e\000\137\000f\000r\000o\000n\000t\000i\000e\000r\000e\000\050\000\051}{subsection.4.1.3}% 80
\BOOKMARK [3][-]{subsubsection.4.1.3.51}{\376\377\0004\000.\0001\000.\0003\000.\0005\0001\000\040\000q\000u\000e\000t\000e\000\137\000m\000o\000n\000t\000a\000g\000n\000e\000\050\000\051}{subsection.4.1.3}% 81
\BOOKMARK [3][-]{subsubsection.4.1.3.52}{\376\377\0004\000.\0001\000.\0003\000.\0005\0002\000\040\000q\000u\000e\000t\000e\000\137\000r\000e\000c\000h\000e\000r\000c\000h\000e\000\050\000\051}{subsection.4.1.3}% 82
\BOOKMARK [3][-]{subsubsection.4.1.3.53}{\376\377\0004\000.\0001\000.\0003\000.\0005\0003\000\040\000q\000u\000e\000t\000e\000\137\000s\000o\000i\000n\000\050\000\051}{subsection.4.1.3}% 83
\BOOKMARK [3][-]{subsubsection.4.1.3.54}{\376\377\0004\000.\0001\000.\0003\000.\0005\0004\000\040\000q\000u\000e\000t\000e\000s\000\050\000\051}{subsection.4.1.3}% 84
\BOOKMARK [3][-]{subsubsection.4.1.3.55}{\376\377\0004\000.\0001\000.\0003\000.\0005\0005\000\040\000r\000a\000n\000d\000o\000m\000\137\000m\000o\000v\000e\000\050\000\051}{subsection.4.1.3}% 85
\BOOKMARK [3][-]{subsubsection.4.1.3.56}{\376\377\0004\000.\0001\000.\0003\000.\0005\0006\000\040\000r\000a\000n\000g\000e\000\050\000\051}{subsection.4.1.3}% 86
\BOOKMARK [3][-]{subsubsection.4.1.3.57}{\376\377\0004\000.\0001\000.\0003\000.\0005\0007\000\040\000r\000e\000s\000t\000\137\000a\000n\000d\000\137\000h\000e\000a\000l\000\050\000\051}{subsection.4.1.3}% 87
\BOOKMARK [3][-]{subsubsection.4.1.3.58}{\376\377\0004\000.\0001\000.\0003\000.\0005\0008\000\040\000r\000n\000g\000\050\000\051}{subsection.4.1.3}% 88
\BOOKMARK [3][-]{subsubsection.4.1.3.59}{\376\377\0004\000.\0001\000.\0003\000.\0005\0009\000\040\000s\000a\000u\000v\000e\000g\000a\000r\000d\000e\000\137\000e\000x\000i\000s\000t\000a\000n\000t\000e\000\050\000\051}{subsection.4.1.3}% 89
\BOOKMARK [3][-]{subsubsection.4.1.3.60}{\376\377\0004\000.\0001\000.\0003\000.\0006\0000\000\040\000s\000a\000u\000v\000e\000g\000a\000r\000d\000e\000r\000\137\000p\000r\000o\000g\000r\000e\000s\000s\000i\000o\000n\000\050\000\051}{subsection.4.1.3}% 90
\BOOKMARK [3][-]{subsubsection.4.1.3.61}{\376\377\0004\000.\0001\000.\0003\000.\0006\0001\000\040\000s\000a\000v\000e\000\050\000\051}{subsection.4.1.3}% 91
\BOOKMARK [3][-]{subsubsection.4.1.3.62}{\376\377\0004\000.\0001\000.\0003\000.\0006\0002\000\040\000s\000c\000a\000v\000e\000n\000g\000e\000\050\000\051}{subsection.4.1.3}% 92
\BOOKMARK [3][-]{subsubsection.4.1.3.63}{\376\377\0004\000.\0001\000.\0003\000.\0006\0003\000\040\000u\000p\000d\000a\000t\000e\000\137\000e\000t\000a\000t\000\137\000s\000a\000u\000v\000e\000g\000a\000r\000d\000e\000\050\000\051}{subsection.4.1.3}% 93
\BOOKMARK [1][-]{section.4.2}{\376\377\0004\000.\0002\000\040\000R\000\351\000f\000\351\000r\000e\000n\000c\000e\000\040\000d\000u\000\040\000f\000i\000c\000h\000i\000e\000r\000\040\000s\000r\000c\000/\000b\000a\000c\000k\000u\000p\000\137\000a\000n\000d\000\137\000l\000o\000a\000d\000.\000c}{chapter.4}% 94
\BOOKMARK [2][-]{subsection.4.2.1}{\376\377\0004\000.\0002\000.\0001\000\040\000D\000e\000s\000c\000r\000i\000p\000t\000i\000o\000n\000\040\000d\000\351\000t\000a\000i\000l\000l\000\351\000e}{section.4.2}% 95
\BOOKMARK [2][-]{subsection.4.2.2}{\376\377\0004\000.\0002\000.\0002\000\040\000D\000o\000c\000u\000m\000e\000n\000t\000a\000t\000i\000o\000n\000\040\000d\000e\000s\000\040\000f\000o\000n\000c\000t\000i\000o\000n\000s}{section.4.2}% 96
\BOOKMARK [3][-]{subsubsection.4.2.2.1}{\376\377\0004\000.\0002\000.\0002\000.\0001\000\040\000a\000f\000f\000i\000c\000h\000a\000g\000e\000\137\000p\000a\000r\000t\000i\000e\000s\000\050\000\051}{subsection.4.2.2}% 97
\BOOKMARK [3][-]{subsubsection.4.2.2.2}{\376\377\0004\000.\0002\000.\0002\000.\0002\000\040\000e\000f\000f\000a\000c\000e\000r\000\137\000p\000a\000r\000t\000i\000e\000\050\000\051}{subsection.4.2.2}% 98
\BOOKMARK [3][-]{subsubsection.4.2.2.3}{\376\377\0004\000.\0002\000.\0002\000.\0003\000\040\000l\000o\000a\000d\000\050\000\051}{subsection.4.2.2}% 99
\BOOKMARK [3][-]{subsubsection.4.2.2.4}{\376\377\0004\000.\0002\000.\0002\000.\0004\000\040\000s\000a\000u\000v\000e\000g\000a\000r\000d\000e\000\137\000e\000x\000i\000s\000t\000a\000n\000t\000e\000\050\000\051}{subsection.4.2.2}% 100
\BOOKMARK [3][-]{subsubsection.4.2.2.5}{\376\377\0004\000.\0002\000.\0002\000.\0005\000\040\000s\000a\000u\000v\000e\000g\000a\000r\000d\000e\000r\000\137\000p\000r\000o\000g\000r\000e\000s\000s\000i\000o\000n\000\050\000\051}{subsection.4.2.2}% 101
\BOOKMARK [3][-]{subsubsection.4.2.2.6}{\376\377\0004\000.\0002\000.\0002\000.\0006\000\040\000s\000a\000v\000e\000\050\000\051}{subsection.4.2.2}% 102
\BOOKMARK [3][-]{subsubsection.4.2.2.7}{\376\377\0004\000.\0002\000.\0002\000.\0007\000\040\000u\000p\000d\000a\000t\000e\000\137\000e\000t\000a\000t\000\137\000s\000a\000u\000v\000e\000g\000a\000r\000d\000e\000\050\000\051}{subsection.4.2.2}% 103
\BOOKMARK [1][-]{section.4.3}{\376\377\0004\000.\0003\000\040\000R\000\351\000f\000\351\000r\000e\000n\000c\000e\000\040\000d\000u\000\040\000f\000i\000c\000h\000i\000e\000r\000\040\000s\000r\000c\000/\000c\000o\000m\000b\000a\000t\000.\000c}{chapter.4}% 104
\BOOKMARK [2][-]{subsection.4.3.1}{\376\377\0004\000.\0003\000.\0001\000\040\000D\000e\000s\000c\000r\000i\000p\000t\000i\000o\000n\000\040\000d\000\351\000t\000a\000i\000l\000l\000\351\000e}{section.4.3}% 105
\BOOKMARK [2][-]{subsection.4.3.2}{\376\377\0004\000.\0003\000.\0002\000\040\000D\000o\000c\000u\000m\000e\000n\000t\000a\000t\000i\000o\000n\000\040\000d\000e\000s\000\040\000f\000o\000n\000c\000t\000i\000o\000n\000s}{section.4.3}% 106
\BOOKMARK [3][-]{subsubsection.4.3.2.1}{\376\377\0004\000.\0003\000.\0002\000.\0001\000\040\000a\000f\000f\000i\000c\000h\000e\000r\000\137\000l\000e\000t\000t\000r\000e\000\050\000\051}{subsection.4.3.2}% 107
\BOOKMARK [3][-]{subsubsection.4.3.2.2}{\376\377\0004\000.\0003\000.\0002\000.\0002\000\040\000c\000o\000m\000b\000a\000t\000\050\000\051}{subsection.4.3.2}% 108
\BOOKMARK [3][-]{subsubsection.4.3.2.3}{\376\377\0004\000.\0003\000.\0002\000.\0003\000\040\000c\000o\000m\000b\000a\000t\000\137\000i\000n\000f\000o\000\050\000\051}{subsection.4.3.2}% 109
\BOOKMARK [3][-]{subsubsection.4.3.2.4}{\376\377\0004\000.\0003\000.\0002\000.\0004\000\040\000d\000a\000m\000a\000g\000e\000\137\000c\000a\000l\000c\000u\000l\000a\000t\000o\000r\000\050\000\051}{subsection.4.3.2}% 110
\BOOKMARK [3][-]{subsubsection.4.3.2.5}{\376\377\0004\000.\0003\000.\0002\000.\0005\000\040\000i\000n\000i\000t\000\137\000f\000i\000e\000l\000d\000\050\000\051}{subsection.4.3.2}% 111
\BOOKMARK [3][-]{subsubsection.4.3.2.6}{\376\377\0004\000.\0003\000.\0002\000.\0006\000\040\000i\000n\000i\000t\000\137\000n\000p\000c\000\050\000\051}{subsection.4.3.2}% 112
\BOOKMARK [3][-]{subsubsection.4.3.2.7}{\376\377\0004\000.\0003\000.\0002\000.\0007\000\040\000l\000o\000o\000t\000\137\000e\000n\000e\000m\000y\000\050\000\051}{subsection.4.3.2}% 113
\BOOKMARK [3][-]{subsubsection.4.3.2.8}{\376\377\0004\000.\0003\000.\0002\000.\0008\000\040\000r\000e\000t\000r\000i\000e\000v\000e\000\137\000e\000n\000e\000m\000y\000\137\000i\000t\000e\000m\000s\000\050\000\051}{subsection.4.3.2}% 114
\BOOKMARK [3][-]{subsubsection.4.3.2.9}{\376\377\0004\000.\0003\000.\0002\000.\0009\000\040\000r\000u\000n\000\137\000a\000w\000a\000y\000\050\000\051}{subsection.4.3.2}% 115
\BOOKMARK [3][-]{subsubsection.4.3.2.10}{\376\377\0004\000.\0003\000.\0002\000.\0001\0000\000\040\000s\000h\000o\000w\000\137\000f\000i\000e\000l\000d\000\050\000\051}{subsection.4.3.2}% 116
\BOOKMARK [3][-]{subsubsection.4.3.2.11}{\376\377\0004\000.\0003\000.\0002\000.\0001\0001\000\040\000t\000u\000r\000n\000\137\000n\000p\000c\000\050\000\051}{subsection.4.3.2}% 117
\BOOKMARK [1][-]{section.4.4}{\376\377\0004\000.\0004\000\040\000R\000\351\000f\000\351\000r\000e\000n\000c\000e\000\040\000d\000u\000\040\000f\000i\000c\000h\000i\000e\000r\000\040\000s\000r\000c\000/\000d\000e\000m\000o\000.\000c}{chapter.4}% 118
\BOOKMARK [2][-]{subsection.4.4.1}{\376\377\0004\000.\0004\000.\0001\000\040\000D\000e\000s\000c\000r\000i\000p\000t\000i\000o\000n\000\040\000d\000\351\000t\000a\000i\000l\000l\000\351\000e}{section.4.4}% 119
\BOOKMARK [2][-]{subsection.4.4.2}{\376\377\0004\000.\0004\000.\0002\000\040\000D\000o\000c\000u\000m\000e\000n\000t\000a\000t\000i\000o\000n\000\040\000d\000e\000s\000\040\000f\000o\000n\000c\000t\000i\000o\000n\000s}{section.4.4}% 120
\BOOKMARK [3][-]{subsubsection.4.4.2.1}{\376\377\0004\000.\0004\000.\0002\000.\0001\000\040\000d\000e\000m\000o\000\137\000a\000f\000f\000i\000c\000h\000e\000r\000\137\000i\000t\000e\000m\000s\000\050\000\051}{subsection.4.4.2}% 121
\BOOKMARK [1][-]{section.4.5}{\376\377\0004\000.\0005\000\040\000R\000\351\000f\000\351\000r\000e\000n\000c\000e\000\040\000d\000u\000\040\000f\000i\000c\000h\000i\000e\000r\000\040\000s\000r\000c\000/\000e\000q\000u\000i\000p\000m\000e\000n\000t\000.\000c}{chapter.4}% 122
\BOOKMARK [2][-]{subsection.4.5.1}{\376\377\0004\000.\0005\000.\0001\000\040\000D\000e\000s\000c\000r\000i\000p\000t\000i\000o\000n\000\040\000d\000\351\000t\000a\000i\000l\000l\000\351\000e}{section.4.5}% 123
\BOOKMARK [2][-]{subsection.4.5.2}{\376\377\0004\000.\0005\000.\0002\000\040\000D\000o\000c\000u\000m\000e\000n\000t\000a\000t\000i\000o\000n\000\040\000d\000e\000s\000\040\000f\000o\000n\000c\000t\000i\000o\000n\000s}{section.4.5}% 124
\BOOKMARK [3][-]{subsubsection.4.5.2.1}{\376\377\0004\000.\0005\000.\0002\000.\0001\000\040\000d\000i\000s\000p\000l\000a\000y\000\137\000e\000q\000u\000i\000p\000m\000e\000n\000t\000\137\000p\000l\000a\000y\000e\000r\000\050\000\051}{subsection.4.5.2}% 125
\BOOKMARK [3][-]{subsubsection.4.5.2.2}{\376\377\0004\000.\0005\000.\0002\000.\0002\000\040\000e\000q\000u\000i\000p\000\137\000p\000l\000a\000y\000e\000r\000\050\000\051}{subsection.4.5.2}% 126
\BOOKMARK [3][-]{subsubsection.4.5.2.3}{\376\377\0004\000.\0005\000.\0002\000.\0003\000\040\000i\000s\000\137\000e\000q\000u\000i\000p\000p\000e\000d\000\050\000\051}{subsection.4.5.2}% 127
\BOOKMARK [3][-]{subsubsection.4.5.2.4}{\376\377\0004\000.\0005\000.\0002\000.\0004\000\040\000m\000a\000n\000a\000g\000e\000\137\000e\000q\000u\000i\000p\000m\000e\000n\000t\000\050\000\051}{subsection.4.5.2}% 128
\BOOKMARK [3][-]{subsubsection.4.5.2.5}{\376\377\0004\000.\0005\000.\0002\000.\0005\000\040\000n\000b\000\137\000e\000q\000u\000i\000p\000e\000m\000e\000n\000t\000\050\000\051}{subsection.4.5.2}% 129
\BOOKMARK [3][-]{subsubsection.4.5.2.6}{\376\377\0004\000.\0005\000.\0002\000.\0006\000\040\000n\000b\000\137\000i\000t\000e\000m\000s\000\137\000e\000q\000u\000i\000p\000a\000b\000l\000e\000s\000\137\000n\000o\000n\000\137\000e\000q\000u\000i\000p\000e\000\050\000\051}{subsection.4.5.2}% 130
\BOOKMARK [3][-]{subsubsection.4.5.2.7}{\376\377\0004\000.\0005\000.\0002\000.\0007\000\040\000r\000e\000m\000o\000v\000e\000\137\000e\000q\000u\000i\000p\000m\000e\000n\000t\000\137\000p\000l\000a\000y\000e\000r\000\050\000\051}{subsection.4.5.2}% 131
\BOOKMARK [3][-]{subsubsection.4.5.2.8}{\376\377\0004\000.\0005\000.\0002\000.\0008\000\040\000s\000w\000a\000p\000\137\000e\000q\000u\000i\000p\000m\000e\000n\000t\000\137\000p\000l\000a\000y\000e\000r\000\050\000\051}{subsection.4.5.2}% 132
\BOOKMARK [1][-]{section.4.6}{\376\377\0004\000.\0006\000\040\000R\000\351\000f\000\351\000r\000e\000n\000c\000e\000\040\000d\000u\000\040\000f\000i\000c\000h\000i\000e\000r\000\040\000s\000r\000c\000/\000f\000i\000s\000h\000.\000c}{chapter.4}% 133
\BOOKMARK [2][-]{subsection.4.6.1}{\376\377\0004\000.\0006\000.\0001\000\040\000D\000e\000s\000c\000r\000i\000p\000t\000i\000o\000n\000\040\000d\000\351\000t\000a\000i\000l\000l\000\351\000e}{section.4.6}% 134
\BOOKMARK [2][-]{subsection.4.6.2}{\376\377\0004\000.\0006\000.\0002\000\040\000D\000o\000c\000u\000m\000e\000n\000t\000a\000t\000i\000o\000n\000\040\000d\000e\000s\000\040\000f\000o\000n\000c\000t\000i\000o\000n\000s}{section.4.6}% 135
\BOOKMARK [3][-]{subsubsection.4.6.2.1}{\376\377\0004\000.\0006\000.\0002\000.\0001\000\040\000f\000i\000s\000h\000\050\000\051}{subsection.4.6.2}% 136
\BOOKMARK [1][-]{section.4.7}{\376\377\0004\000.\0007\000\040\000R\000\351\000f\000\351\000r\000e\000n\000c\000e\000\040\000d\000u\000\040\000f\000i\000c\000h\000i\000e\000r\000\040\000s\000r\000c\000/\000f\000o\000n\000c\000t\000i\000o\000n\000s\000\137\000p\000r\000a\000t\000i\000q\000u\000e\000s\000.\000c}{chapter.4}% 137
\BOOKMARK [2][-]{subsection.4.7.1}{\376\377\0004\000.\0007\000.\0001\000\040\000D\000e\000s\000c\000r\000i\000p\000t\000i\000o\000n\000\040\000d\000\351\000t\000a\000i\000l\000l\000\351\000e}{section.4.7}% 138
\BOOKMARK [2][-]{subsection.4.7.2}{\376\377\0004\000.\0007\000.\0002\000\040\000D\000o\000c\000u\000m\000e\000n\000t\000a\000t\000i\000o\000n\000\040\000d\000e\000s\000\040\000f\000o\000n\000c\000t\000i\000o\000n\000s}{section.4.7}% 139
\BOOKMARK [3][-]{subsubsection.4.7.2.1}{\376\377\0004\000.\0007\000.\0002\000.\0001\000\040\000c\000l\000r\000s\000c\000r\000\050\000\051}{subsection.4.7.2}% 140
\BOOKMARK [3][-]{subsubsection.4.7.2.2}{\376\377\0004\000.\0007\000.\0002\000.\0002\000\040\000e\000n\000t\000r\000e\000e\000\137\000p\000o\000u\000r\000\137\000c\000o\000n\000t\000i\000n\000u\000e\000r\000\050\000\051}{subsection.4.7.2}% 141
\BOOKMARK [3][-]{subsubsection.4.7.2.3}{\376\377\0004\000.\0007\000.\0002\000.\0003\000\040\000r\000a\000n\000g\000e\000\050\000\051}{subsection.4.7.2}% 142
\BOOKMARK [3][-]{subsubsection.4.7.2.4}{\376\377\0004\000.\0007\000.\0002\000.\0004\000\040\000r\000n\000g\000\050\000\051}{subsection.4.7.2}% 143
\BOOKMARK [1][-]{section.4.8}{\376\377\0004\000.\0008\000\040\000R\000\351\000f\000\351\000r\000e\000n\000c\000e\000\040\000d\000u\000\040\000f\000i\000c\000h\000i\000e\000r\000\040\000s\000r\000c\000/\000g\000a\000m\000e\000.\000c}{chapter.4}% 144
\BOOKMARK [2][-]{subsection.4.8.1}{\376\377\0004\000.\0008\000.\0001\000\040\000D\000e\000s\000c\000r\000i\000p\000t\000i\000o\000n\000\040\000d\000\351\000t\000a\000i\000l\000l\000\351\000e}{section.4.8}% 145
\BOOKMARK [2][-]{subsection.4.8.2}{\376\377\0004\000.\0008\000.\0002\000\040\000D\000o\000c\000u\000m\000e\000n\000t\000a\000t\000i\000o\000n\000\040\000d\000e\000s\000\040\000f\000o\000n\000c\000t\000i\000o\000n\000s}{section.4.8}% 146
\BOOKMARK [3][-]{subsubsection.4.8.2.1}{\376\377\0004\000.\0008\000.\0002\000.\0001\000\040\000c\000h\000o\000i\000x\000\137\000p\000a\000r\000t\000i\000e\000\050\000\051}{subsection.4.8.2}% 147
\BOOKMARK [3][-]{subsubsection.4.8.2.2}{\376\377\0004\000.\0008\000.\0002\000.\0002\000\040\000m\000a\000i\000n\000\050\000\051}{subsection.4.8.2}% 148
\BOOKMARK [3][-]{subsubsection.4.8.2.3}{\376\377\0004\000.\0008\000.\0002\000.\0003\000\040\000m\000e\000n\000u\000\137\000p\000r\000i\000n\000c\000i\000p\000a\000l\000\137\000j\000e\000u\000\050\000\051}{subsection.4.8.2}% 149
\BOOKMARK [3][-]{subsubsection.4.8.2.4}{\376\377\0004\000.\0008\000.\0002\000.\0004\000\040\000p\000r\000e\000s\000e\000n\000t\000a\000t\000i\000o\000n\000\137\000r\000e\000g\000l\000e\000\137\000j\000e\000u\000\050\000\051}{subsection.4.8.2}% 150
\BOOKMARK [1][-]{section.4.9}{\376\377\0004\000.\0009\000\040\000R\000\351\000f\000\351\000r\000e\000n\000c\000e\000\040\000d\000u\000\040\000f\000i\000c\000h\000i\000e\000r\000\040\000s\000r\000c\000/\000i\000n\000t\000e\000r\000f\000a\000c\000e\000.\000c}{chapter.4}% 151
\BOOKMARK [2][-]{subsection.4.9.1}{\376\377\0004\000.\0009\000.\0001\000\040\000D\000e\000s\000c\000r\000i\000p\000t\000i\000o\000n\000\040\000d\000\351\000t\000a\000i\000l\000l\000\351\000e}{section.4.9}% 152
\BOOKMARK [2][-]{subsection.4.9.2}{\376\377\0004\000.\0009\000.\0002\000\040\000D\000o\000c\000u\000m\000e\000n\000t\000a\000t\000i\000o\000n\000\040\000d\000e\000s\000\040\000f\000o\000n\000c\000t\000i\000o\000n\000s}{section.4.9}% 153
\BOOKMARK [3][-]{subsubsection.4.9.2.1}{\376\377\0004\000.\0009\000.\0002\000.\0001\000\040\000a\000f\000f\000i\000c\000h\000a\000g\000e\000\137\000c\000a\000s\000e\000\137\000c\000e\000n\000t\000r\000a\000l\000e\000\050\000\051}{subsection.4.9.2}% 154
\BOOKMARK [3][-]{subsubsection.4.9.2.2}{\376\377\0004\000.\0009\000.\0002\000.\0002\000\040\000a\000f\000f\000i\000c\000h\000a\000g\000e\000\137\000m\000a\000p\000\050\000\051}{subsection.4.9.2}% 155
\BOOKMARK [3][-]{subsubsection.4.9.2.3}{\376\377\0004\000.\0009\000.\0002\000.\0003\000\040\000i\000n\000t\000e\000r\000f\000a\000c\000e\000\050\000\051}{subsection.4.9.2}% 156
\BOOKMARK [3][-]{subsubsection.4.9.2.4}{\376\377\0004\000.\0009\000.\0002\000.\0004\000\040\000m\000a\000p\000\137\000c\000o\000r\000r\000e\000s\000p\000o\000n\000d\000a\000n\000c\000e\000\050\000\051}{subsection.4.9.2}% 157
\BOOKMARK [3][-]{subsubsection.4.9.2.5}{\376\377\0004\000.\0009\000.\0002\000.\0005\000\040\000r\000e\000l\000a\000t\000i\000o\000n\000\137\000h\000e\000x\000a\000\137\000c\000h\000a\000r\000\050\000\051}{subsection.4.9.2}% 158
\BOOKMARK [1][-]{section.4.10}{\376\377\0004\000.\0001\0000\000\040\000R\000\351\000f\000\351\000r\000e\000n\000c\000e\000\040\000d\000u\000\040\000f\000i\000c\000h\000i\000e\000r\000\040\000s\000r\000c\000/\000i\000n\000t\000e\000r\000f\000a\000c\000e\000\137\000o\000p\000t\000i\000o\000n\000s\000.\000c}{chapter.4}% 159
\BOOKMARK [2][-]{subsection.4.10.1}{\376\377\0004\000.\0001\0000\000.\0001\000\040\000D\000e\000s\000c\000r\000i\000p\000t\000i\000o\000n\000\040\000d\000\351\000t\000a\000i\000l\000l\000\351\000e}{section.4.10}% 160
\BOOKMARK [2][-]{subsection.4.10.2}{\376\377\0004\000.\0001\0000\000.\0002\000\040\000D\000o\000c\000u\000m\000e\000n\000t\000a\000t\000i\000o\000n\000\040\000d\000e\000s\000\040\000f\000o\000n\000c\000t\000i\000o\000n\000s}{section.4.10}% 161
\BOOKMARK [3][-]{subsubsection.4.10.2.1}{\376\377\0004\000.\0001\0000\000.\0002\000.\0001\000\040\000a\000f\000f\000i\000c\000h\000a\000g\000e\000\137\000h\000e\000l\000p\000\050\000\051}{subsection.4.10.2}% 162
\BOOKMARK [3][-]{subsubsection.4.10.2.2}{\376\377\0004\000.\0001\0000\000.\0002\000.\0002\000\040\000a\000f\000f\000i\000c\000h\000a\000g\000e\000\137\000p\000e\000r\000s\000o\000n\000n\000a\000g\000e\000\050\000\051}{subsection.4.10.2}% 163
\BOOKMARK [1][-]{section.4.11}{\376\377\0004\000.\0001\0001\000\040\000R\000\351\000f\000\351\000r\000e\000n\000c\000e\000\040\000d\000u\000\040\000f\000i\000c\000h\000i\000e\000r\000\040\000s\000r\000c\000/\000i\000n\000v\000e\000n\000t\000o\000r\000y\000.\000c}{chapter.4}% 164
\BOOKMARK [2][-]{subsection.4.11.1}{\376\377\0004\000.\0001\0001\000.\0001\000\040\000D\000e\000s\000c\000r\000i\000p\000t\000i\000o\000n\000\040\000d\000\351\000t\000a\000i\000l\000l\000\351\000e}{section.4.11}% 165
\BOOKMARK [2][-]{subsection.4.11.2}{\376\377\0004\000.\0001\0001\000.\0002\000\040\000D\000o\000c\000u\000m\000e\000n\000t\000a\000t\000i\000o\000n\000\040\000d\000e\000s\000\040\000f\000o\000n\000c\000t\000i\000o\000n\000s}{section.4.11}% 166
\BOOKMARK [3][-]{subsubsection.4.11.2.1}{\376\377\0004\000.\0001\0001\000.\0002\000.\0001\000\040\000a\000d\000d\000\137\000i\000t\000e\000m\000\137\000t\000o\000\137\000i\000n\000v\000e\000n\000t\000o\000r\000y\000\050\000\051}{subsection.4.11.2}% 167
\BOOKMARK [3][-]{subsubsection.4.11.2.2}{\376\377\0004\000.\0001\0001\000.\0002\000.\0002\000\040\000c\000h\000e\000c\000k\000\137\000t\000h\000e\000\137\000m\000a\000p\000\050\000\051}{subsection.4.11.2}% 168
\BOOKMARK [3][-]{subsubsection.4.11.2.3}{\376\377\0004\000.\0001\0001\000.\0002\000.\0003\000\040\000d\000e\000l\000e\000t\000e\000\137\000i\000t\000e\000m\000\137\000i\000n\000\137\000i\000n\000v\000e\000n\000t\000o\000r\000y\000\050\000\051}{subsection.4.11.2}% 169
\BOOKMARK [3][-]{subsubsection.4.11.2.4}{\376\377\0004\000.\0001\0001\000.\0002\000.\0004\000\040\000d\000i\000s\000p\000l\000a\000y\000\137\000i\000n\000v\000e\000n\000t\000o\000r\000y\000\050\000\051}{subsection.4.11.2}% 170
\BOOKMARK [3][-]{subsubsection.4.11.2.5}{\376\377\0004\000.\0001\0001\000.\0002\000.\0005\000\040\000e\000a\000t\000\137\000o\000r\000\137\000d\000r\000i\000n\000k\000\050\000\051}{subsection.4.11.2}% 171
\BOOKMARK [3][-]{subsubsection.4.11.2.6}{\376\377\0004\000.\0001\0001\000.\0002\000.\0006\000\040\000f\000o\000o\000d\000\137\000i\000n\000\137\000i\000n\000v\000e\000n\000t\000o\000r\000y\000\050\000\051}{subsection.4.11.2}% 172
\BOOKMARK [3][-]{subsubsection.4.11.2.7}{\376\377\0004\000.\0001\0001\000.\0002\000.\0007\000\040\000g\000a\000i\000n\000\137\000e\000n\000e\000r\000g\000i\000e\000\050\000\051}{subsection.4.11.2}% 173
\BOOKMARK [3][-]{subsubsection.4.11.2.8}{\376\377\0004\000.\0001\0001\000.\0002\000.\0008\000\040\000i\000t\000e\000m\000\137\000i\000n\000\137\000i\000n\000v\000e\000n\000t\000o\000r\000y\000\050\000\051}{subsection.4.11.2}% 174
\BOOKMARK [3][-]{subsubsection.4.11.2.9}{\376\377\0004\000.\0001\0001\000.\0002\000.\0009\000\040\000m\000a\000n\000a\000g\000e\000\137\000i\000n\000v\000e\000n\000t\000o\000r\000y\000\050\000\051}{subsection.4.11.2}% 175
\BOOKMARK [3][-]{subsubsection.4.11.2.10}{\376\377\0004\000.\0001\0001\000.\0002\000.\0001\0000\000\040\000t\000o\000o\000\137\000m\000u\000c\000h\000\137\000o\000f\000\137\000t\000h\000e\000\137\000s\000a\000m\000e\000\137\000i\000t\000e\000m\000\050\000\051}{subsection.4.11.2}% 176
\BOOKMARK [1][-]{section.4.12}{\376\377\0004\000.\0001\0002\000\040\000R\000\351\000f\000\351\000r\000e\000n\000c\000e\000\040\000d\000u\000\040\000f\000i\000c\000h\000i\000e\000r\000\040\000s\000r\000c\000/\000i\000t\000e\000m\000s\000.\000c}{chapter.4}% 177
\BOOKMARK [2][-]{subsection.4.12.1}{\376\377\0004\000.\0001\0002\000.\0001\000\040\000D\000e\000s\000c\000r\000i\000p\000t\000i\000o\000n\000\040\000d\000\351\000t\000a\000i\000l\000l\000\351\000e}{section.4.12}% 178
\BOOKMARK [2][-]{subsection.4.12.2}{\376\377\0004\000.\0001\0002\000.\0002\000\040\000D\000o\000c\000u\000m\000e\000n\000t\000a\000t\000i\000o\000n\000\040\000d\000e\000s\000\040\000f\000o\000n\000c\000t\000i\000o\000n\000s}{section.4.12}% 179
\BOOKMARK [3][-]{subsubsection.4.12.2.1}{\376\377\0004\000.\0001\0002\000.\0002\000.\0001\000\040\000c\000r\000e\000a\000t\000i\000o\000n\000\137\000t\000a\000b\000\137\000i\000t\000e\000m\000\050\000\051}{subsection.4.12.2}% 180
\BOOKMARK [3][-]{subsubsection.4.12.2.2}{\376\377\0004\000.\0001\0002\000.\0002\000.\0002\000\040\000c\000r\000e\000e\000r\000\137\000i\000t\000e\000m\000\050\000\051}{subsection.4.12.2}% 181
\BOOKMARK [3][-]{subsubsection.4.12.2.3}{\376\377\0004\000.\0001\0002\000.\0002\000.\0003\000\040\000d\000i\000s\000p\000l\000a\000y\000\137\000i\000t\000e\000m\000\050\000\051}{subsection.4.12.2}% 182
\BOOKMARK [3][-]{subsubsection.4.12.2.4}{\376\377\0004\000.\0001\0002\000.\0002\000.\0004\000\040\000g\000e\000n\000e\000r\000a\000t\000e\000\137\000i\000t\000e\000m\000s\000\050\000\051}{subsection.4.12.2}% 183
\BOOKMARK [3][-]{subsubsection.4.12.2.5}{\376\377\0004\000.\0001\0002\000.\0002\000.\0005\000\040\000s\000c\000a\000v\000e\000n\000g\000e\000\050\000\051}{subsection.4.12.2}% 184
\BOOKMARK [1][-]{section.4.13}{\376\377\0004\000.\0001\0003\000\040\000R\000\351\000f\000\351\000r\000e\000n\000c\000e\000\040\000d\000u\000\040\000f\000i\000c\000h\000i\000e\000r\000\040\000s\000r\000c\000/\000m\000o\000v\000e\000.\000c}{chapter.4}% 185
\BOOKMARK [2][-]{subsection.4.13.1}{\376\377\0004\000.\0001\0003\000.\0001\000\040\000D\000e\000s\000c\000r\000i\000p\000t\000i\000o\000n\000\040\000d\000\351\000t\000a\000i\000l\000l\000\351\000e}{section.4.13}% 186
\BOOKMARK [2][-]{subsection.4.13.2}{\376\377\0004\000.\0001\0003\000.\0002\000\040\000D\000o\000c\000u\000m\000e\000n\000t\000a\000t\000i\000o\000n\000\040\000d\000e\000s\000\040\000f\000o\000n\000c\000t\000i\000o\000n\000s}{section.4.13}% 187
\BOOKMARK [3][-]{subsubsection.4.13.2.1}{\376\377\0004\000.\0001\0003\000.\0002\000.\0001\000\040\000l\000o\000o\000k\000\137\000a\000r\000o\000u\000n\000d\000\050\000\051}{subsection.4.13.2}% 188
\BOOKMARK [3][-]{subsubsection.4.13.2.2}{\376\377\0004\000.\0001\0003\000.\0002\000.\0002\000\040\000m\000o\000v\000e\000\050\000\051}{subsection.4.13.2}% 189
\BOOKMARK [3][-]{subsubsection.4.13.2.3}{\376\377\0004\000.\0001\0003\000.\0002\000.\0003\000\040\000m\000o\000v\000e\000\137\000l\000o\000s\000e\000\137\000p\000a\000\050\000\051}{subsection.4.13.2}% 190
\BOOKMARK [3][-]{subsubsection.4.13.2.4}{\376\377\0004\000.\0001\0003\000.\0002\000.\0004\000\040\000r\000a\000n\000d\000o\000m\000\137\000m\000o\000v\000e\000\050\000\051}{subsection.4.13.2}% 191
\BOOKMARK [1][-]{section.4.14}{\376\377\0004\000.\0001\0004\000\040\000R\000\351\000f\000\351\000r\000e\000n\000c\000e\000\040\000d\000u\000\040\000f\000i\000c\000h\000i\000e\000r\000\040\000s\000r\000c\000/\000p\000e\000r\000s\000o\000.\000c}{chapter.4}% 192
\BOOKMARK [2][-]{subsection.4.14.1}{\376\377\0004\000.\0001\0004\000.\0001\000\040\000D\000e\000s\000c\000r\000i\000p\000t\000i\000o\000n\000\040\000d\000\351\000t\000a\000i\000l\000l\000\351\000e}{section.4.14}% 193
\BOOKMARK [2][-]{subsection.4.14.2}{\376\377\0004\000.\0001\0004\000.\0002\000\040\000D\000o\000c\000u\000m\000e\000n\000t\000a\000t\000i\000o\000n\000\040\000d\000e\000s\000\040\000f\000o\000n\000c\000t\000i\000o\000n\000s}{section.4.14}% 194
\BOOKMARK [3][-]{subsubsection.4.14.2.1}{\376\377\0004\000.\0001\0004\000.\0002\000.\0001\000\040\000d\000i\000s\000p\000l\000a\000y\000\137\000p\000l\000a\000y\000e\000r\000\137\000c\000h\000a\000r\000a\000c\000t\000e\000r\000i\000s\000t\000i\000c\000s\000\050\000\051}{subsection.4.14.2}% 195
\BOOKMARK [3][-]{subsubsection.4.14.2.2}{\376\377\0004\000.\0001\0004\000.\0002\000.\0002\000\040\000i\000n\000i\000t\000\137\000p\000l\000a\000y\000e\000r\000\050\000\051}{subsection.4.14.2}% 196
\BOOKMARK [1][-]{section.4.15}{\376\377\0004\000.\0001\0005\000\040\000R\000\351\000f\000\351\000r\000e\000n\000c\000e\000\040\000d\000u\000\040\000f\000i\000c\000h\000i\000e\000r\000\040\000s\000r\000c\000/\000q\000u\000e\000t\000e\000\137\000s\000e\000a\000r\000c\000h\000.\000c}{chapter.4}% 197
\BOOKMARK [2][-]{subsection.4.15.1}{\376\377\0004\000.\0001\0005\000.\0001\000\040\000D\000e\000s\000c\000r\000i\000p\000t\000i\000o\000n\000\040\000d\000\351\000t\000a\000i\000l\000l\000\351\000e}{section.4.15}% 198
\BOOKMARK [2][-]{subsection.4.15.2}{\376\377\0004\000.\0001\0005\000.\0002\000\040\000D\000o\000c\000u\000m\000e\000n\000t\000a\000t\000i\000o\000n\000\040\000d\000e\000s\000\040\000f\000o\000n\000c\000t\000i\000o\000n\000s}{section.4.15}% 199
\BOOKMARK [3][-]{subsubsection.4.15.2.1}{\376\377\0004\000.\0001\0005\000.\0002\000.\0001\000\040\000a\000f\000f\000i\000c\000h\000a\000g\000e\000\137\000q\000u\000e\000t\000e\000\137\000s\000e\000a\000r\000c\000h\000\137\000e\000n\000\137\000c\000o\000u\000r\000s\000\050\000\051}{subsection.4.15.2}% 200
\BOOKMARK [3][-]{subsubsection.4.15.2.2}{\376\377\0004\000.\0001\0005\000.\0002\000.\0002\000\040\000c\000o\000m\000p\000t\000e\000r\000\137\000i\000t\000e\000m\000s\000\137\000u\000r\000b\000a\000i\000n\000\050\000\051}{subsection.4.15.2}% 201
\BOOKMARK [3][-]{subsubsection.4.15.2.3}{\376\377\0004\000.\0001\0005\000.\0002\000.\0003\000\040\000i\000n\000i\000t\000\137\000T\000a\000b\000\137\000I\000t\000e\000m\000s\000\137\000u\000r\000b\000a\000i\000n\000\050\000\051}{subsection.4.15.2}% 202
\BOOKMARK [3][-]{subsubsection.4.15.2.4}{\376\377\0004\000.\0001\0005\000.\0002\000.\0004\000\040\000q\000u\000e\000t\000e\000\137\000r\000e\000c\000h\000e\000r\000c\000h\000e\000\050\000\051}{subsection.4.15.2}% 203
\BOOKMARK [1][-]{section.4.16}{\376\377\0004\000.\0001\0006\000\040\000R\000\351\000f\000\351\000r\000e\000n\000c\000e\000\040\000d\000u\000\040\000f\000i\000c\000h\000i\000e\000r\000\040\000s\000r\000c\000/\000q\000u\000e\000t\000e\000\137\000s\000o\000i\000n\000.\000c}{chapter.4}% 204
\BOOKMARK [2][-]{subsection.4.16.1}{\376\377\0004\000.\0001\0006\000.\0001\000\040\000D\000e\000s\000c\000r\000i\000p\000t\000i\000o\000n\000\040\000d\000\351\000t\000a\000i\000l\000l\000\351\000e}{section.4.16}% 205
\BOOKMARK [2][-]{subsection.4.16.2}{\376\377\0004\000.\0001\0006\000.\0002\000\040\000D\000o\000c\000u\000m\000e\000n\000t\000a\000t\000i\000o\000n\000\040\000d\000e\000s\000\040\000f\000o\000n\000c\000t\000i\000o\000n\000s}{section.4.16}% 206
\BOOKMARK [3][-]{subsubsection.4.16.2.1}{\376\377\0004\000.\0001\0006\000.\0002\000.\0001\000\040\000a\000i\000d\000e\000r\000\137\000h\000o\000m\000m\000e\000\137\000b\000l\000e\000s\000s\000e\000\050\000\051}{subsection.4.16.2}% 207
\BOOKMARK [3][-]{subsubsection.4.16.2.2}{\376\377\0004\000.\0001\0006\000.\0002\000.\0002\000\040\000i\000n\000i\000t\000\137\000n\000p\000c\000\137\000q\000u\000e\000t\000e\000\050\000\051}{subsection.4.16.2}% 208
\BOOKMARK [3][-]{subsubsection.4.16.2.3}{\376\377\0004\000.\0001\0006\000.\0002\000.\0003\000\040\000q\000u\000e\000t\000e\000\137\000s\000o\000i\000n\000\050\000\051}{subsection.4.16.2}% 209
\BOOKMARK [3][-]{subsubsection.4.16.2.4}{\376\377\0004\000.\0001\0006\000.\0002\000.\0004\000\040\000r\000e\000c\000u\000p\000\137\000i\000t\000e\000m\000s\000\137\000v\000o\000l\000e\000\050\000\051}{subsection.4.16.2}% 210
\BOOKMARK [1][-]{section.4.17}{\376\377\0004\000.\0001\0007\000\040\000R\000\351\000f\000\351\000r\000e\000n\000c\000e\000\040\000d\000u\000\040\000f\000i\000c\000h\000i\000e\000r\000\040\000s\000r\000c\000/\000q\000u\000e\000t\000e\000s\000.\000c}{chapter.4}% 211
\BOOKMARK [2][-]{subsection.4.17.1}{\376\377\0004\000.\0001\0007\000.\0001\000\040\000D\000e\000s\000c\000r\000i\000p\000t\000i\000o\000n\000\040\000d\000\351\000t\000a\000i\000l\000l\000\351\000e}{section.4.17}% 212
\BOOKMARK [2][-]{subsection.4.17.2}{\376\377\0004\000.\0001\0007\000.\0002\000\040\000D\000o\000c\000u\000m\000e\000n\000t\000a\000t\000i\000o\000n\000\040\000d\000e\000s\000\040\000f\000o\000n\000c\000t\000i\000o\000n\000s}{section.4.17}% 213
\BOOKMARK [3][-]{subsubsection.4.17.2.1}{\376\377\0004\000.\0001\0007\000.\0002\000.\0001\000\040\000e\000x\000i\000t\000\137\000g\000a\000m\000e\000\050\000\051}{subsection.4.17.2}% 214
\BOOKMARK [3][-]{subsubsection.4.17.2.2}{\376\377\0004\000.\0001\0007\000.\0002\000.\0002\000\040\000i\000n\000f\000o\000r\000m\000a\000t\000i\000o\000n\000s\000\137\000q\000u\000e\000t\000e\000s\000\050\000\051}{subsection.4.17.2}% 215
\BOOKMARK [3][-]{subsubsection.4.17.2.3}{\376\377\0004\000.\0001\0007\000.\0002\000.\0003\000\040\000i\000n\000i\000t\000\137\000q\000u\000e\000t\000e\000\050\000\051}{subsection.4.17.2}% 216
\BOOKMARK [3][-]{subsubsection.4.17.2.4}{\376\377\0004\000.\0001\0007\000.\0002\000.\0004\000\040\000q\000u\000e\000t\000e\000\137\000b\000a\000n\000d\000i\000t\000s\000\050\000\051}{subsection.4.17.2}% 217
\BOOKMARK [3][-]{subsubsection.4.17.2.5}{\376\377\0004\000.\0001\0007\000.\0002\000.\0005\000\040\000q\000u\000e\000t\000e\000\137\000b\000u\000n\000k\000e\000r\000\050\000\051}{subsection.4.17.2}% 218
\BOOKMARK [3][-]{subsubsection.4.17.2.6}{\376\377\0004\000.\0001\0007\000.\0002\000.\0006\000\040\000q\000u\000e\000t\000e\000\137\000f\000r\000o\000n\000t\000i\000e\000r\000e\000\050\000\051}{subsection.4.17.2}% 219
\BOOKMARK [3][-]{subsubsection.4.17.2.7}{\376\377\0004\000.\0001\0007\000.\0002\000.\0007\000\040\000q\000u\000e\000t\000e\000\137\000m\000o\000n\000t\000a\000g\000n\000e\000\050\000\051}{subsection.4.17.2}% 220
\BOOKMARK [3][-]{subsubsection.4.17.2.8}{\376\377\0004\000.\0001\0007\000.\0002\000.\0008\000\040\000q\000u\000e\000t\000e\000s\000\050\000\051}{subsection.4.17.2}% 221
\BOOKMARK [1][-]{section.4.18}{\376\377\0004\000.\0001\0008\000\040\000R\000\351\000f\000\351\000r\000e\000n\000c\000e\000\040\000d\000u\000\040\000f\000i\000c\000h\000i\000e\000r\000\040\000s\000r\000c\000/\000t\000e\000s\000t\000\137\000b\000a\000c\000k\000u\000p\000.\000c}{chapter.4}% 222
\BOOKMARK [2][-]{subsection.4.18.1}{\376\377\0004\000.\0001\0008\000.\0001\000\040\000D\000e\000s\000c\000r\000i\000p\000t\000i\000o\000n\000\040\000d\000\351\000t\000a\000i\000l\000l\000\351\000e}{section.4.18}% 223
\BOOKMARK [2][-]{subsection.4.18.2}{\376\377\0004\000.\0001\0008\000.\0002\000\040\000D\000o\000c\000u\000m\000e\000n\000t\000a\000t\000i\000o\000n\000\040\000d\000e\000s\000\040\000f\000o\000n\000c\000t\000i\000o\000n\000s}{section.4.18}% 224
\BOOKMARK [3][-]{subsubsection.4.18.2.1}{\376\377\0004\000.\0001\0008\000.\0002\000.\0001\000\040\000m\000a\000i\000n\000\050\000\051}{subsection.4.18.2}% 225
\BOOKMARK [3][-]{subsubsection.4.18.2.2}{\376\377\0004\000.\0001\0008\000.\0002\000.\0002\000\040\000s\000a\000v\000e\000\137\000t\000e\000s\000t\000\050\000\051}{subsection.4.18.2}% 226
\BOOKMARK [1][-]{section.4.19}{\376\377\0004\000.\0001\0009\000\040\000R\000\351\000f\000\351\000r\000e\000n\000c\000e\000\040\000d\000u\000\040\000f\000i\000c\000h\000i\000e\000r\000\040\000s\000r\000c\000/\000t\000e\000s\000t\000\137\000c\000o\000m\000b\000a\000t\000.\000c}{chapter.4}% 227
\BOOKMARK [2][-]{subsection.4.19.1}{\376\377\0004\000.\0001\0009\000.\0001\000\040\000D\000e\000s\000c\000r\000i\000p\000t\000i\000o\000n\000\040\000d\000\351\000t\000a\000i\000l\000l\000\351\000e}{section.4.19}% 228
\BOOKMARK [2][-]{subsection.4.19.2}{\376\377\0004\000.\0001\0009\000.\0002\000\040\000D\000o\000c\000u\000m\000e\000n\000t\000a\000t\000i\000o\000n\000\040\000d\000e\000s\000\040\000f\000o\000n\000c\000t\000i\000o\000n\000s}{section.4.19}% 229
\BOOKMARK [3][-]{subsubsection.4.19.2.1}{\376\377\0004\000.\0001\0009\000.\0002\000.\0001\000\040\000m\000a\000i\000n\000\050\000\051}{subsection.4.19.2}% 230
\BOOKMARK [1][-]{section.4.20}{\376\377\0004\000.\0002\0000\000\040\000R\000\351\000f\000\351\000r\000e\000n\000c\000e\000\040\000d\000u\000\040\000f\000i\000c\000h\000i\000e\000r\000\040\000s\000r\000c\000/\000t\000e\000s\000t\000\137\000c\000r\000e\000a\000t\000i\000o\000n\000\137\000i\000t\000e\000m\000s\000.\000c}{chapter.4}% 231
\BOOKMARK [2][-]{subsection.4.20.1}{\376\377\0004\000.\0002\0000\000.\0001\000\040\000D\000e\000s\000c\000r\000i\000p\000t\000i\000o\000n\000\040\000d\000\351\000t\000a\000i\000l\000l\000\351\000e}{section.4.20}% 232
\BOOKMARK [2][-]{subsection.4.20.2}{\376\377\0004\000.\0002\0000\000.\0002\000\040\000D\000o\000c\000u\000m\000e\000n\000t\000a\000t\000i\000o\000n\000\040\000d\000e\000s\000\040\000f\000o\000n\000c\000t\000i\000o\000n\000s}{section.4.20}% 233
\BOOKMARK [3][-]{subsubsection.4.20.2.1}{\376\377\0004\000.\0002\0000\000.\0002\000.\0001\000\040\000m\000a\000i\000n\000\050\000\051}{subsection.4.20.2}% 234
\BOOKMARK [1][-]{section.4.21}{\376\377\0004\000.\0002\0001\000\040\000R\000\351\000f\000\351\000r\000e\000n\000c\000e\000\040\000d\000u\000\040\000f\000i\000c\000h\000i\000e\000r\000\040\000s\000r\000c\000/\000t\000e\000s\000t\000\137\000e\000a\000t\000\137\000o\000r\000\137\000d\000r\000i\000n\000k\000.\000c}{chapter.4}% 235
\BOOKMARK [2][-]{subsection.4.21.1}{\376\377\0004\000.\0002\0001\000.\0001\000\040\000D\000e\000s\000c\000r\000i\000p\000t\000i\000o\000n\000\040\000d\000\351\000t\000a\000i\000l\000l\000\351\000e}{section.4.21}% 236
\BOOKMARK [2][-]{subsection.4.21.2}{\376\377\0004\000.\0002\0001\000.\0002\000\040\000D\000o\000c\000u\000m\000e\000n\000t\000a\000t\000i\000o\000n\000\040\000d\000e\000s\000\040\000f\000o\000n\000c\000t\000i\000o\000n\000s}{section.4.21}% 237
\BOOKMARK [3][-]{subsubsection.4.21.2.1}{\376\377\0004\000.\0002\0001\000.\0002\000.\0001\000\040\000m\000a\000i\000n\000\050\000\051}{subsection.4.21.2}% 238
\BOOKMARK [1][-]{section.4.22}{\376\377\0004\000.\0002\0002\000\040\000R\000\351\000f\000\351\000r\000e\000n\000c\000e\000\040\000d\000u\000\040\000f\000i\000c\000h\000i\000e\000r\000\040\000s\000r\000c\000/\000t\000e\000s\000t\000\137\000i\000n\000v\000e\000n\000t\000o\000r\000y\000.\000c}{chapter.4}% 239
\BOOKMARK [2][-]{subsection.4.22.1}{\376\377\0004\000.\0002\0002\000.\0001\000\040\000D\000e\000s\000c\000r\000i\000p\000t\000i\000o\000n\000\040\000d\000\351\000t\000a\000i\000l\000l\000\351\000e}{section.4.22}% 240
\BOOKMARK [2][-]{subsection.4.22.2}{\376\377\0004\000.\0002\0002\000.\0002\000\040\000D\000o\000c\000u\000m\000e\000n\000t\000a\000t\000i\000o\000n\000\040\000d\000e\000s\000\040\000f\000o\000n\000c\000t\000i\000o\000n\000s}{section.4.22}% 241
\BOOKMARK [3][-]{subsubsection.4.22.2.1}{\376\377\0004\000.\0002\0002\000.\0002\000.\0001\000\040\000m\000a\000i\000n\000\050\000\051}{subsection.4.22.2}% 242
\BOOKMARK [3][-]{subsubsection.4.22.2.2}{\376\377\0004\000.\0002\0002\000.\0002\000.\0002\000\040\000t\000e\000s\000t\000\137\000s\000u\000i\000v\000a\000n\000t\000\050\000\051}{subsection.4.22.2}% 243
\BOOKMARK [1][-]{section.4.23}{\376\377\0004\000.\0002\0003\000\040\000R\000\351\000f\000\351\000r\000e\000n\000c\000e\000\040\000d\000u\000\040\000f\000i\000c\000h\000i\000e\000r\000\040\000s\000r\000c\000/\000t\000e\000s\000t\000\137\000i\000t\000e\000m\000.\000c}{chapter.4}% 244
\BOOKMARK [2][-]{subsection.4.23.1}{\376\377\0004\000.\0002\0003\000.\0001\000\040\000D\000e\000s\000c\000r\000i\000p\000t\000i\000o\000n\000\040\000d\000\351\000t\000a\000i\000l\000l\000\351\000e}{section.4.23}% 245
\BOOKMARK [2][-]{subsection.4.23.2}{\376\377\0004\000.\0002\0003\000.\0002\000\040\000D\000o\000c\000u\000m\000e\000n\000t\000a\000t\000i\000o\000n\000\040\000d\000e\000s\000\040\000f\000o\000n\000c\000t\000i\000o\000n\000s}{section.4.23}% 246
\BOOKMARK [3][-]{subsubsection.4.23.2.1}{\376\377\0004\000.\0002\0003\000.\0002\000.\0001\000\040\000m\000a\000i\000n\000\050\000\051}{subsection.4.23.2}% 247
\BOOKMARK [3][-]{subsubsection.4.23.2.2}{\376\377\0004\000.\0002\0003\000.\0002\000.\0002\000\040\000s\000i\000m\000u\000l\000a\000t\000i\000o\000n\000\137\000s\000u\000i\000v\000a\000n\000t\000e\000\050\000\051}{subsection.4.23.2}% 248
\BOOKMARK [1][-]{section.4.24}{\376\377\0004\000.\0002\0004\000\040\000R\000\351\000f\000\351\000r\000e\000n\000c\000e\000\040\000d\000u\000\040\000f\000i\000c\000h\000i\000e\000r\000\040\000s\000r\000c\000/\000t\000e\000s\000t\000\137\000i\000t\000e\000m\000\137\000i\000n\000\137\000i\000n\000v\000e\000n\000t\000o\000r\000y\000.\000c}{chapter.4}% 249
\BOOKMARK [2][-]{subsection.4.24.1}{\376\377\0004\000.\0002\0004\000.\0001\000\040\000D\000e\000s\000c\000r\000i\000p\000t\000i\000o\000n\000\040\000d\000\351\000t\000a\000i\000l\000l\000\351\000e}{section.4.24}% 250
\BOOKMARK [2][-]{subsection.4.24.2}{\376\377\0004\000.\0002\0004\000.\0002\000\040\000D\000o\000c\000u\000m\000e\000n\000t\000a\000t\000i\000o\000n\000\040\000d\000e\000s\000\040\000f\000o\000n\000c\000t\000i\000o\000n\000s}{section.4.24}% 251
\BOOKMARK [3][-]{subsubsection.4.24.2.1}{\376\377\0004\000.\0002\0004\000.\0002\000.\0001\000\040\000m\000a\000i\000n\000\050\000\051}{subsection.4.24.2}% 252
\BOOKMARK [1][-]{section.4.25}{\376\377\0004\000.\0002\0005\000\040\000R\000\351\000f\000\351\000r\000e\000n\000c\000e\000\040\000d\000u\000\040\000f\000i\000c\000h\000i\000e\000r\000\040\000s\000r\000c\000/\000t\000e\000s\000t\000\137\000l\000o\000a\000d\000.\000c}{chapter.4}% 253
\BOOKMARK [2][-]{subsection.4.25.1}{\376\377\0004\000.\0002\0005\000.\0001\000\040\000D\000e\000s\000c\000r\000i\000p\000t\000i\000o\000n\000\040\000d\000\351\000t\000a\000i\000l\000l\000\351\000e}{section.4.25}% 254
\BOOKMARK [2][-]{subsection.4.25.2}{\376\377\0004\000.\0002\0005\000.\0002\000\040\000D\000o\000c\000u\000m\000e\000n\000t\000a\000t\000i\000o\000n\000\040\000d\000e\000s\000\040\000f\000o\000n\000c\000t\000i\000o\000n\000s}{section.4.25}% 255
\BOOKMARK [3][-]{subsubsection.4.25.2.1}{\376\377\0004\000.\0002\0005\000.\0002\000.\0001\000\040\000l\000o\000a\000d\000\137\000t\000e\000s\000t\000\050\000\051}{subsection.4.25.2}% 256
\BOOKMARK [3][-]{subsubsection.4.25.2.2}{\376\377\0004\000.\0002\0005\000.\0002\000.\0002\000\040\000m\000a\000i\000n\000\050\000\051}{subsection.4.25.2}% 257
\BOOKMARK [1][-]{section.4.26}{\376\377\0004\000.\0002\0006\000\040\000R\000\351\000f\000\351\000r\000e\000n\000c\000e\000\040\000d\000u\000\040\000f\000i\000c\000h\000i\000e\000r\000\040\000s\000r\000c\000/\000t\000e\000s\000t\000\137\000q\000u\000e\000t\000e\000\137\000b\000a\000n\000d\000i\000t\000s\000.\000c}{chapter.4}% 258
\BOOKMARK [2][-]{subsection.4.26.1}{\376\377\0004\000.\0002\0006\000.\0001\000\040\000D\000e\000s\000c\000r\000i\000p\000t\000i\000o\000n\000\040\000d\000\351\000t\000a\000i\000l\000l\000\351\000e}{section.4.26}% 259
\BOOKMARK [2][-]{subsection.4.26.2}{\376\377\0004\000.\0002\0006\000.\0002\000\040\000D\000o\000c\000u\000m\000e\000n\000t\000a\000t\000i\000o\000n\000\040\000d\000e\000s\000\040\000f\000o\000n\000c\000t\000i\000o\000n\000s}{section.4.26}% 260
\BOOKMARK [3][-]{subsubsection.4.26.2.1}{\376\377\0004\000.\0002\0006\000.\0002\000.\0001\000\040\000m\000a\000i\000n\000\050\000\051}{subsection.4.26.2}% 261
\BOOKMARK [1][-]{section.4.27}{\376\377\0004\000.\0002\0007\000\040\000R\000\351\000f\000\351\000r\000e\000n\000c\000e\000\040\000d\000u\000\040\000f\000i\000c\000h\000i\000e\000r\000\040\000s\000r\000c\000/\000t\000e\000s\000t\000\137\000q\000u\000e\000t\000e\000\137\000b\000u\000n\000k\000e\000r\000.\000c}{chapter.4}% 262
\BOOKMARK [2][-]{subsection.4.27.1}{\376\377\0004\000.\0002\0007\000.\0001\000\040\000D\000e\000s\000c\000r\000i\000p\000t\000i\000o\000n\000\040\000d\000\351\000t\000a\000i\000l\000l\000\351\000e}{section.4.27}% 263
\BOOKMARK [2][-]{subsection.4.27.2}{\376\377\0004\000.\0002\0007\000.\0002\000\040\000D\000o\000c\000u\000m\000e\000n\000t\000a\000t\000i\000o\000n\000\040\000d\000e\000s\000\040\000f\000o\000n\000c\000t\000i\000o\000n\000s}{section.4.27}% 264
\BOOKMARK [3][-]{subsubsection.4.27.2.1}{\376\377\0004\000.\0002\0007\000.\0002\000.\0001\000\040\000m\000a\000i\000n\000\050\000\051}{subsection.4.27.2}% 265
\BOOKMARK [1][-]{section.4.28}{\376\377\0004\000.\0002\0008\000\040\000R\000\351\000f\000\351\000r\000e\000n\000c\000e\000\040\000d\000u\000\040\000f\000i\000c\000h\000i\000e\000r\000\040\000s\000r\000c\000/\000t\000e\000s\000t\000\137\000q\000u\000e\000t\000e\000\137\000f\000r\000o\000n\000t\000i\000e\000r\000e\000.\000c}{chapter.4}% 266
\BOOKMARK [2][-]{subsection.4.28.1}{\376\377\0004\000.\0002\0008\000.\0001\000\040\000D\000e\000s\000c\000r\000i\000p\000t\000i\000o\000n\000\040\000d\000\351\000t\000a\000i\000l\000l\000\351\000e}{section.4.28}% 267
\BOOKMARK [2][-]{subsection.4.28.2}{\376\377\0004\000.\0002\0008\000.\0002\000\040\000D\000o\000c\000u\000m\000e\000n\000t\000a\000t\000i\000o\000n\000\040\000d\000e\000s\000\040\000f\000o\000n\000c\000t\000i\000o\000n\000s}{section.4.28}% 268
\BOOKMARK [3][-]{subsubsection.4.28.2.1}{\376\377\0004\000.\0002\0008\000.\0002\000.\0001\000\040\000m\000a\000i\000n\000\050\000\051}{subsection.4.28.2}% 269
\BOOKMARK [1][-]{section.4.29}{\376\377\0004\000.\0002\0009\000\040\000R\000\351\000f\000\351\000r\000e\000n\000c\000e\000\040\000d\000u\000\040\000f\000i\000c\000h\000i\000e\000r\000\040\000s\000r\000c\000/\000t\000e\000s\000t\000\137\000q\000u\000e\000t\000e\000\137\000m\000o\000n\000t\000a\000g\000n\000e\000.\000c}{chapter.4}% 270
\BOOKMARK [2][-]{subsection.4.29.1}{\376\377\0004\000.\0002\0009\000.\0001\000\040\000D\000e\000s\000c\000r\000i\000p\000t\000i\000o\000n\000\040\000d\000\351\000t\000a\000i\000l\000l\000\351\000e}{section.4.29}% 271
\BOOKMARK [2][-]{subsection.4.29.2}{\376\377\0004\000.\0002\0009\000.\0002\000\040\000D\000o\000c\000u\000m\000e\000n\000t\000a\000t\000i\000o\000n\000\040\000d\000e\000s\000\040\000f\000o\000n\000c\000t\000i\000o\000n\000s}{section.4.29}% 272
\BOOKMARK [3][-]{subsubsection.4.29.2.1}{\376\377\0004\000.\0002\0009\000.\0002\000.\0001\000\040\000m\000a\000i\000n\000\050\000\051}{subsection.4.29.2}% 273
\BOOKMARK [1][-]{section.4.30}{\376\377\0004\000.\0003\0000\000\040\000R\000\351\000f\000\351\000r\000e\000n\000c\000e\000\040\000d\000u\000\040\000f\000i\000c\000h\000i\000e\000r\000\040\000s\000r\000c\000/\000t\000e\000s\000t\000\137\000q\000u\000e\000t\000e\000\137\000r\000e\000c\000h\000e\000r\000c\000h\000e\000.\000c}{chapter.4}% 274
\BOOKMARK [2][-]{subsection.4.30.1}{\376\377\0004\000.\0003\0000\000.\0001\000\040\000D\000e\000s\000c\000r\000i\000p\000t\000i\000o\000n\000\040\000d\000\351\000t\000a\000i\000l\000l\000\351\000e}{section.4.30}% 275
\BOOKMARK [2][-]{subsection.4.30.2}{\376\377\0004\000.\0003\0000\000.\0002\000\040\000D\000o\000c\000u\000m\000e\000n\000t\000a\000t\000i\000o\000n\000\040\000d\000e\000s\000\040\000f\000o\000n\000c\000t\000i\000o\000n\000s}{section.4.30}% 276
\BOOKMARK [3][-]{subsubsection.4.30.2.1}{\376\377\0004\000.\0003\0000\000.\0002\000.\0001\000\040\000m\000a\000i\000n\000\050\000\051}{subsection.4.30.2}% 277
\BOOKMARK [1][-]{section.4.31}{\376\377\0004\000.\0003\0001\000\040\000R\000\351\000f\000\351\000r\000e\000n\000c\000e\000\040\000d\000u\000\040\000f\000i\000c\000h\000i\000e\000r\000\040\000s\000r\000c\000/\000t\000e\000s\000t\000\137\000q\000u\000e\000t\000e\000\137\000s\000o\000i\000n\000.\000c}{chapter.4}% 278
\BOOKMARK [2][-]{subsection.4.31.1}{\376\377\0004\000.\0003\0001\000.\0001\000\040\000D\000e\000s\000c\000r\000i\000p\000t\000i\000o\000n\000\040\000d\000\351\000t\000a\000i\000l\000l\000\351\000e}{section.4.31}% 279
\BOOKMARK [2][-]{subsection.4.31.2}{\376\377\0004\000.\0003\0001\000.\0002\000\040\000D\000o\000c\000u\000m\000e\000n\000t\000a\000t\000i\000o\000n\000\040\000d\000e\000s\000\040\000f\000o\000n\000c\000t\000i\000o\000n\000s}{section.4.31}% 280
\BOOKMARK [3][-]{subsubsection.4.31.2.1}{\376\377\0004\000.\0003\0001\000.\0002\000.\0001\000\040\000m\000a\000i\000n\000\050\000\051}{subsection.4.31.2}% 281
\BOOKMARK [1][-]{section.4.32}{\376\377\0004\000.\0003\0002\000\040\000R\000\351\000f\000\351\000r\000e\000n\000c\000e\000\040\000d\000u\000\040\000f\000i\000c\000h\000i\000e\000r\000\040\000s\000r\000c\000/\000t\000u\000r\000n\000.\000c}{chapter.4}% 282
\BOOKMARK [2][-]{subsection.4.32.1}{\376\377\0004\000.\0003\0002\000.\0001\000\040\000D\000e\000s\000c\000r\000i\000p\000t\000i\000o\000n\000\040\000d\000\351\000t\000a\000i\000l\000l\000\351\000e}{section.4.32}% 283
\BOOKMARK [2][-]{subsection.4.32.2}{\376\377\0004\000.\0003\0002\000.\0002\000\040\000D\000o\000c\000u\000m\000e\000n\000t\000a\000t\000i\000o\000n\000\040\000d\000e\000s\000\040\000f\000o\000n\000c\000t\000i\000o\000n\000s}{section.4.32}% 284
\BOOKMARK [3][-]{subsubsection.4.32.2.1}{\376\377\0004\000.\0003\0002\000.\0002\000.\0001\000\040\000n\000e\000x\000t\000\137\000t\000u\000r\000n\000\050\000\051}{subsection.4.32.2}% 285
\BOOKMARK [3][-]{subsubsection.4.32.2.2}{\376\377\0004\000.\0003\0002\000.\0002\000.\0002\000\040\000r\000e\000s\000t\000\137\000a\000n\000d\000\137\000h\000e\000a\000l\000\050\000\051}{subsection.4.32.2}% 286
\BOOKMARK [1][-]{section.4.33}{\376\377\0004\000.\0003\0003\000\040\000R\000\351\000f\000\351\000r\000e\000n\000c\000e\000\040\000d\000u\000\040\000f\000i\000c\000h\000i\000e\000r\000\040\000s\000r\000c\000/\000w\000o\000r\000l\000d\000\137\000g\000e\000n\000e\000r\000a\000t\000i\000o\000n\000.\000c}{chapter.4}% 287
\BOOKMARK [2][-]{subsection.4.33.1}{\376\377\0004\000.\0003\0003\000.\0001\000\040\000D\000e\000s\000c\000r\000i\000p\000t\000i\000o\000n\000\040\000d\000\351\000t\000a\000i\000l\000l\000\351\000e}{section.4.33}% 288
\BOOKMARK [2][-]{subsection.4.33.2}{\376\377\0004\000.\0003\0003\000.\0002\000\040\000D\000o\000c\000u\000m\000e\000n\000t\000a\000t\000i\000o\000n\000\040\000d\000e\000s\000\040\000f\000o\000n\000c\000t\000i\000o\000n\000s}{section.4.33}% 289
\BOOKMARK [3][-]{subsubsection.4.33.2.1}{\376\377\0004\000.\0003\0003\000.\0002\000.\0001\000\040\000a\000f\000f\000i\000c\000h\000e\000r\000\137\000t\000y\000p\000e\000\137\000c\000a\000t\000e\000g\000\137\000h\000e\000x\000a\000\050\000\051}{subsection.4.33.2}% 290
\BOOKMARK [3][-]{subsubsection.4.33.2.2}{\376\377\0004\000.\0003\0003\000.\0002\000.\0002\000\040\000c\000a\000t\000e\000g\000\137\000s\000w\000i\000t\000c\000h\000\050\000\051}{subsection.4.33.2}% 291
\BOOKMARK [3][-]{subsubsection.4.33.2.3}{\376\377\0004\000.\0003\0003\000.\0002\000.\0003\000\040\000c\000o\000o\000r\000d\000o\000n\000n\000e\000e\000s\000\137\000v\000a\000l\000i\000d\000e\000s\000\050\000\051}{subsection.4.33.2}% 292
\BOOKMARK [3][-]{subsubsection.4.33.2.4}{\376\377\0004\000.\0003\0003\000.\0002\000.\0004\000\040\000c\000o\000u\000n\000t\000\050\000\051}{subsection.4.33.2}% 293
\BOOKMARK [3][-]{subsubsection.4.33.2.5}{\376\377\0004\000.\0003\0003\000.\0002\000.\0005\000\040\000d\000i\000s\000p\000l\000a\000y\000\137\000T\000E\000X\000T\000\050\000\051}{subsection.4.33.2}% 294
\BOOKMARK [3][-]{subsubsection.4.33.2.6}{\376\377\0004\000.\0003\0003\000.\0002\000.\0006\000\040\000e\000n\000c\000o\000u\000n\000t\000e\000r\000\137\000i\000n\000i\000t\000\050\000\051}{subsection.4.33.2}% 295
\BOOKMARK [3][-]{subsubsection.4.33.2.7}{\376\377\0004\000.\0003\0003\000.\0002\000.\0007\000\040\000i\000n\000f\000o\000r\000m\000a\000t\000i\000o\000n\000s\000\137\000m\000a\000p\000\050\000\051}{subsection.4.33.2}% 296
\BOOKMARK [3][-]{subsubsection.4.33.2.8}{\376\377\0004\000.\0003\0003\000.\0002\000.\0008\000\040\000i\000n\000i\000t\000\137\000b\000a\000s\000e\000\050\000\051}{subsection.4.33.2}% 297
\BOOKMARK [3][-]{subsubsection.4.33.2.9}{\376\377\0004\000.\0003\0003\000.\0002\000.\0009\000\040\000i\000n\000i\000t\000\137\000b\000o\000r\000d\000e\000r\000\050\000\051}{subsection.4.33.2}% 298
\BOOKMARK [3][-]{subsubsection.4.33.2.10}{\376\377\0004\000.\0003\0003\000.\0002\000.\0001\0000\000\040\000m\000a\000p\000\137\000i\000n\000i\000t\000\050\000\051}{subsection.4.33.2}% 299
\BOOKMARK [3][-]{subsubsection.4.33.2.11}{\376\377\0004\000.\0003\0003\000.\0002\000.\0001\0001\000\040\000n\000e\000x\000t\000g\000e\000n\000\050\000\051}{subsection.4.33.2}% 300
\BOOKMARK [3][-]{subsubsection.4.33.2.12}{\376\377\0004\000.\0003\0003\000.\0002\000.\0001\0002\000\040\000p\000o\000r\000t\000a\000b\000l\000e\000\137\000s\000w\000i\000t\000c\000h\000\050\000\051}{subsection.4.33.2}% 301
\BOOKMARK [3][-]{subsubsection.4.33.2.13}{\376\377\0004\000.\0003\0003\000.\0002\000.\0001\0003\000\040\000q\000u\000e\000s\000t\000\137\000i\000n\000i\000t\000\050\000\051}{subsection.4.33.2}% 302
\BOOKMARK [3][-]{subsubsection.4.33.2.14}{\376\377\0004\000.\0003\0003\000.\0002\000.\0001\0004\000\040\000s\000p\000a\000w\000n\000t\000y\000p\000e\000\050\000\051}{subsection.4.33.2}% 303
\BOOKMARK [3][-]{subsubsection.4.33.2.15}{\376\377\0004\000.\0003\0003\000.\0002\000.\0001\0005\000\040\000t\000o\000p\000u\000p\000\050\000\051}{subsection.4.33.2}% 304
